app/build/outputs/logs/manifest-merger-release-report.txt
-- Merging decision tree log ---
manifest
ADDED from src\main\AndroidManifest.xml:2:1-66:12
	package
		ADDED from src\main\AndroidManifest.xml:4:3-44
		INJECTED from src\main\AndroidManifest.xml
		INJECTED from src\release\AndroidManifest.xml
	android:versionName
		INJECTED from src\main\AndroidManifest.xml
		ADDED from src\main\AndroidManifest.xml:2:1-66:12
		INJECTED from src\release\AndroidManifest.xml
	xmlns:android
		ADDED from src\main\AndroidManifest.xml:3:3-61
	android:versionCode
		INJECTED from src\main\AndroidManifest.xml
		ADDED from src\main\AndroidManifest.xml:2:1-66:12
		INJECTED from src\release\AndroidManifest.xml
uses-permission#android.permission.INTERNET
ADDED from src\main\AndroidManifest.xml:6:2-63
	android:name
		ADDED from src\main\AndroidManifest.xml:6:19-61
uses-permission#android.permission.WRITE_EXTERNAL_STORAGE
ADDED from src\main\AndroidManifest.xml:7:2-77
	android:name
		ADDED from src\main\AndroidManifest.xml:7:19-75
uses-permission#android.permission.READ_EXTERNAL_STORAGE
ADDED from src\main\AndroidManifest.xml:8:2-76
	android:name
		ADDED from src\main\AndroidManifest.xml:8:19-74
uses-permission#android.permission.READ_PHONE_STATE
ADDED from src\main\AndroidManifest.xml:9:2-71
	android:name
		ADDED from src\main\AndroidManifest.xml:9:19-69
application
ADDED from src\main\AndroidManifest.xml:11:2-64:16
MERGED from src\main\AndroidManifest.xml:11:2-64:16
MERGED from [com.ericneidhardt.dynamicsoundboard:safe_async_task:unspecified] AndroidManifest.xml:12:5-20
MERGED from [com.ericneidhardt.dynamicsoundboard:drag_drop_recycler_view:unspecified] AndroidManifest.xml:11:5-47
MERGED from [com.android.support:support-v4:23.0.1] AndroidManifest.xml:22:5-20
MERGED from [com.android.support:support-v4:23.0.1] AndroidManifest.xml:22:5-20
MERGED from [com.android.support:support-v13:23.0.1] AndroidManifest.xml:22:5-20
MERGED from [com.android.support:support-v4:23.0.1] AndroidManifest.xml:22:5-20
MERGED from [com.android.support:appcompat-v7:23.0.1] AndroidManifest.xml:22:5-20
MERGED from [com.android.support:support-v4:23.0.1] AndroidManifest.xml:22:5-20
MERGED from [com.android.support:support-v4:23.0.1] AndroidManifest.xml:22:5-20
MERGED from [com.android.support:design:23.0.1] AndroidManifest.xml:22:5-20
MERGED from [com.android.support:support-v4:23.0.1] AndroidManifest.xml:22:5-20
MERGED from [com.android.support:appcompat-v7:23.0.1] AndroidManifest.xml:22:5-20
MERGED from [com.android.support:support-v4:23.0.1] AndroidManifest.xml:22:5-20
MERGED from [com.melnykov:floatingactionbutton:1.3.0] AndroidManifest.xml:12:5-20
MERGED from [com.android.support:support-v4:23.0.1] AndroidManifest.xml:22:5-20
MERGED from [com.github.johnkil.android-robototextview:robototextview:2.4.2] AndroidManifest.xml:8:5-20
MERGED from [com.android.support:appcompat-v7:23.0.1] AndroidManifest.xml:22:5-20
MERGED from [com.android.support:support-v4:23.0.1] AndroidManifest.xml:22:5-20
MERGED from [com.github.castorflex.smoothprogressbar:library:1.1.0] AndroidManifest.xml:12:5-20
	android:label
		ADDED from src\main\AndroidManifest.xml:15:4-45
		REJECTED from src\main\AndroidManifest.xml:15:4-45
	android:allowBackup
		ADDED from src\main\AndroidManifest.xml:13:4-30
	android:icon
		ADDED from src\main\AndroidManifest.xml:14:4-40
		ADDED from src\main\AndroidManifest.xml:14:4-40
	android:theme
		ADDED from src\main\AndroidManifest.xml:16:4-41
		ADDED from src\main\AndroidManifest.xml:16:4-41
	android:name
		ADDED from src\main\AndroidManifest.xml:12:4-48
activity#org.neidhardt.dynamicsoundboard.soundactivity.SoundActivity
ADDED from src\main\AndroidManifest.xml:18:3-47:14
	android:label
		ADDED from src\main\AndroidManifest.xml:20:5-37
	android:launchMode
		ADDED from src\main\AndroidManifest.xml:22:5-35
	android:windowSoftInputMode
		ADDED from src\main\AndroidManifest.xml:21:5-44
	android:name
		ADDED from src\main\AndroidManifest.xml:19:5-48
intent-filter#android.intent.action.MAIN+android.intent.category.LAUNCHER
ADDED from src\main\AndroidManifest.xml:24:4-27:20
action#android.intent.action.MAIN
ADDED from src\main\AndroidManifest.xml:25:5-56
	android:name
		ADDED from src\main\AndroidManifest.xml:25:13-54
category#android.intent.category.LAUNCHER
ADDED from src\main\AndroidManifest.xml:26:5-64
	android:name
		ADDED from src\main\AndroidManifest.xml:26:15-62
intent-filter#android.intent.action.VIEW+android.intent.category.DEFAULT
ADDED from src\main\AndroidManifest.xml:29:4-37:20
action#android.intent.action.VIEW
ADDED from src\main\AndroidManifest.xml:30:5-56
	android:name
		ADDED from src\main\AndroidManifest.xml:30:13-54
category#android.intent.category.DEFAULT
ADDED from src\main\AndroidManifest.xml:31:5-63
	android:name
		ADDED from src\main\AndroidManifest.xml:31:15-61
data
ADDED from src\main\AndroidManifest.xml:33:5-34
	android:scheme
		ADDED from src\main\AndroidManifest.xml:33:11-32
intent-filter#android.intent.action.SEARCH
ADDED from src\main\AndroidManifest.xml:39:4-41:20
action#android.intent.action.SEARCH
ADDED from src\main\AndroidManifest.xml:40:5-58
	android:name
		ADDED from src\main\AndroidManifest.xml:40:13-56
meta-data#android.app.searchable
ADDED from src\main\AndroidManifest.xml:43:4-45:42
	android:resource
		ADDED from src\main\AndroidManifest.xml:45:6-40
	android:name
		ADDED from src\main\AndroidManifest.xml:44:6-43
activity#org.neidhardt.dynamicsoundboard.preferences.PreferenceActivity
ADDED from src\main\AndroidManifest.xml:49:3-52:64
	android:label
		ADDED from src\main\AndroidManifest.xml:51:5-40
	android:parentActivityName
		ADDED from src\main\AndroidManifest.xml:52:5-62
	android:name
		ADDED from src\main\AndroidManifest.xml:50:5-51
activity#org.neidhardt.dynamicsoundboard.preferences.AboutActivity
ADDED from src\main\AndroidManifest.xml:54:3-57:64
	android:label
		ADDED from src\main\AndroidManifest.xml:56:5-34
	android:parentActivityName
		ADDED from src\main\AndroidManifest.xml:57:5-62
	android:name
		ADDED from src\main\AndroidManifest.xml:55:5-46
service#org.neidhardt.dynamicsoundboard.notifications.service.NotificationService
ADDED from src\main\AndroidManifest.xml:59:3-62:13
	android:exported
		ADDED from src\main\AndroidManifest.xml:61:5-29
	android:name
		ADDED from src\main\AndroidManifest.xml:60:5-62
uses-sdk
INJECTED from src\main\AndroidManifest.xml reason: use-sdk injection requested
MERGED from [com.ericneidhardt.dynamicsoundboard:safe_async_task:unspecified] AndroidManifest.xml:8:5-10:41
MERGED from [com.ericneidhardt.dynamicsoundboard:drag_drop_recycler_view:unspecified] AndroidManifest.xml:7:5-9:41
MERGED from [com.android.support:recyclerview-v7:23.0.1] AndroidManifest.xml:20:5-43
MERGED from [com.android.support:support-v4:23.0.1] AndroidManifest.xml:20:5-43
MERGED from [com.android.support:support-v4:23.0.1] AndroidManifest.xml:20:5-43
MERGED from [com.android.support:support-v13:23.0.1] AndroidManifest.xml:20:5-44
MERGED from [com.android.support:support-v4:23.0.1] AndroidManifest.xml:20:5-43
MERGED from [com.android.support:appcompat-v7:23.0.1] AndroidManifest.xml:20:5-43
MERGED from [com.android.support:support-v4:23.0.1] AndroidManifest.xml:20:5-43
MERGED from [com.android.support:recyclerview-v7:23.0.1] AndroidManifest.xml:20:5-43
MERGED from [com.android.support:support-v4:23.0.1] AndroidManifest.xml:20:5-43
MERGED from [com.android.support:design:23.0.1] AndroidManifest.xml:20:5-43
MERGED from [com.android.support:support-v4:23.0.1] AndroidManifest.xml:20:5-43
MERGED from [com.android.support:appcompat-v7:23.0.1] AndroidManifest.xml:20:5-43
MERGED from [com.android.support:support-v4:23.0.1] AndroidManifest.xml:20:5-43
MERGED from [com.melnykov:floatingactionbutton:1.3.0] AndroidManifest.xml:8:5-10:41
MERGED from [com.android.support:recyclerview-v7:23.0.1] AndroidManifest.xml:20:5-43
MERGED from [com.android.support:support-v4:23.0.1] AndroidManifest.xml:20:5-43
MERGED from [com.github.johnkil.android-robototextview:robototextview:2.4.2] AndroidManifest.xml:6:5-43
MERGED from [com.android.support:appcompat-v7:23.0.1] AndroidManifest.xml:20:5-43
MERGED from [com.android.support:support-v4:23.0.1] AndroidManifest.xml:20:5-43
MERGED from [com.github.castorflex.smoothprogressbar:library:1.1.0] AndroidManifest.xml:8:5-10:41
MERGED from [jp.wasabeef:recyclerview-animators:1.3.0] AndroidManifest.xml:8:5-10:41
	android:targetSdkVersion
		INJECTED from src\main\AndroidManifest.xml
		INJECTED from src\release\AndroidManifest.xml
	android:minSdkVersion
		INJECTED from src\main\AndroidManifest.xml
		INJECTED from src\release\AndroidManifest.xml